Build started 05/05/2015 07:57:20.
     1>Project "D:\VisualStudioProjects\Windows\GsmMFC\GsmMFC\GsmMFC.vcxproj" on node 2 (build target(s)).
     1>InitializeBuildStatus:
         Creating "Debug\GsmMFC.unsuccessfulbuild" because "AlwaysCreate" was specified.
       ClCompile:
         All outputs are up-to-date.
         C:\Program Files (x86)\Microsoft Visual Studio 10.0\VC\bin\CL.exe /c /ZI /nologo /W3 /WX- /Od /Oy- /D WIN32 /D _WINDOWS /D _DEBUG /D _UNICODE /D UNICODE /Gm /EHsc /RTC1 /MTd /GS /fp:precise /Zc:wchar_t /Zc:forScope /Yu"StdAfx.h" /Fp"Debug\GsmMFC.pch" /Fo"Debug\\" /Fd"Debug\vc100.pdb" /Gz /TP /analyze- /errorReport:prompt GsmMFCDlg.cpp
         GsmMFCDlg.cpp
     1>d:\visualstudioprojects\windows\gsmmfc\gsmmfc\gsmmfcdlg.cpp(290): warning C4996: 'wcstombs': This function or variable may be unsafe. Consider using wcstombs_s instead. To disable deprecation, use _CRT_SECURE_NO_WARNINGS. See online help for details.
                 c:\program files (x86)\microsoft visual studio 10.0\vc\include\stdlib.h(533) : see declaration of 'wcstombs'
     1>d:\visualstudioprojects\windows\gsmmfc\gsmmfc\gsmmfcdlg.cpp(298): warning C4996: 'strcat': This function or variable may be unsafe. Consider using strcat_s instead. To disable deprecation, use _CRT_SECURE_NO_WARNINGS. See online help for details.
                 c:\program files (x86)\microsoft visual studio 10.0\vc\include\string.h(110) : see declaration of 'strcat'
       ResourceCompile:
         All outputs are up-to-date.
       ManifestResourceCompile:
         All outputs are up-to-date.
       Link:
         C:\Program Files (x86)\Microsoft Visual Studio 10.0\VC\bin\link.exe /ERRORREPORT:PROMPT /OUT:"D:\VisualStudioProjects\Windows\GsmMFC\Debug\GsmMFC.exe" /INCREMENTAL /NOLOGO SerialDU.lib /MANIFEST /ManifestFile:"Debug\GsmMFC.exe.intermediate.manifest" /MANIFESTUAC:"level='asInvoker' uiAccess='false'" /DEBUG /PDB:"D:\VisualStudioProjects\Windows\GsmMFC\Debug\GsmMFC.pdb" /SUBSYSTEM:WINDOWS /TLBID:1 /ENTRY:"wWinMainCRTStartup" /DYNAMICBASE /NXCOMPAT /IMPLIB:"D:\VisualStudioProjects\Windows\GsmMFC\Debug\GsmMFC.lib" /MACHINE:X86 Debug\GsmMFC.res
         Debug\GsmMFC.exe.embed.manifest.res
         Debug\GsmMFC.obj
         Debug\GsmMFCDlg.obj
         Debug\stdafx.obj
     1>SerialDU.lib(Serial.obj) : warning LNK4099: PDB 'vc90.pdb' was not found with 'SerialDU.lib(Serial.obj)' or at 'D:\VisualStudioProjects\Windows\GsmMFC\Debug\vc90.pdb'; linking object as if no debug info
     1>SerialDU.lib(SerialEx.obj) : warning LNK4099: PDB 'vc90.pdb' was not found with 'SerialDU.lib(SerialEx.obj)' or at 'D:\VisualStudioProjects\Windows\GsmMFC\Debug\vc90.pdb'; linking object as if no debug info
     1>SerialDU.lib(SerialWnd.obj) : warning LNK4099: PDB 'vc90.pdb' was not found with 'SerialDU.lib(SerialWnd.obj)' or at 'D:\VisualStudioProjects\Windows\GsmMFC\Debug\vc90.pdb'; linking object as if no debug info
       Manifest:
         C:\Program Files (x86)\Microsoft SDKs\Windows\v7.0A\bin\mt.exe /nologo /verbose /out:"Debug\GsmMFC.exe.embed.manifest" /manifest Debug\GsmMFC.exe.intermediate.manifest "C:\Program Files (x86)\Microsoft Visual Studio 10.0\VC\Include\Manifest\dpiaware.manifest"
         All outputs are up-to-date.
       LinkEmbedManifest:
         All outputs are up-to-date.
         GsmMFC.vcxproj -> D:\VisualStudioProjects\Windows\GsmMFC\Debug\GsmMFC.exe
       FinalizeBuildStatus:
         Deleting file "Debug\GsmMFC.unsuccessfulbuild".
         Touching "Debug\GsmMFC.lastbuildstate".
     1>Done Building Project "D:\VisualStudioProjects\Windows\GsmMFC\GsmMFC\GsmMFC.vcxproj" (build target(s)).

Build succeeded.

Time Elapsed 00:00:04.68
