D:\VISUALSTUDIOPROJECTS\WINDOWS\GSMMFC\DEBUG\GSMMFC.EXE
D:\VISUALSTUDIOPROJECTS\WINDOWS\GSMMFC\DEBUG\GSMMFC.ILK
D:\VISUALSTUDIOPROJECTS\WINDOWS\GSMMFC\DEBUG\GSMMFC.PDB
D:\VisualStudioProjects\Windows\GsmMFC\GsmMFC\Debug\cl.command.1.tlog
D:\VisualStudioProjects\Windows\GsmMFC\GsmMFC\Debug\CL.read.1.tlog
D:\VisualStudioProjects\Windows\GsmMFC\GsmMFC\Debug\CL.write.1.tlog
D:\VISUALSTUDIOPROJECTS\WINDOWS\GSMMFC\GSMMFC\DEBUG\GSMMFC.EXE.EMBED.MANIFEST
D:\VISUALSTUDIOPROJECTS\WINDOWS\GSMMFC\GSMMFC\DEBUG\GSMMFC.EXE.EMBED.MANIFEST.RES
D:\VISUALSTUDIOPROJECTS\WINDOWS\GSMMFC\GSMMFC\DEBUG\GSMMFC.EXE.INTERMEDIATE.MANIFEST
D:\VISUALSTUDIOPROJECTS\WINDOWS\GSMMFC\GSMMFC\DEBUG\GSMMFC.OBJ
D:\VISUALSTUDIOPROJECTS\WINDOWS\GSMMFC\GSMMFC\DEBUG\GSMMFC.PCH
D:\VISUALSTUDIOPROJECTS\WINDOWS\GSMMFC\GSMMFC\DEBUG\GSMMFC.RES
D:\VisualStudioProjects\Windows\GsmMFC\GsmMFC\Debug\GsmMFC.vcxprojResolveAssemblyReference.cache
D:\VisualStudioProjects\Windows\GsmMFC\GsmMFC\Debug\GsmMFC.write.1.tlog
D:\VisualStudioProjects\Windows\GsmMFC\GsmMFC\Debug\GsmMFC_manifest.rc
D:\VISUALSTUDIOPROJECTS\WINDOWS\GSMMFC\GSMMFC\DEBUG\GSMMFCDLG.OBJ
D:\VisualStudioProjects\Windows\GsmMFC\GsmMFC\Debug\link.13120.read.1.tlog
D:\VisualStudioProjects\Windows\GsmMFC\GsmMFC\Debug\link.13120.read.3.tlog
D:\VisualStudioProjects\Windows\GsmMFC\GsmMFC\Debug\link.13120.write.1.tlog
D:\VisualStudioProjects\Windows\GsmMFC\GsmMFC\Debug\link.13120-cvtres.read.1.tlog
D:\VisualStudioProjects\Windows\GsmMFC\GsmMFC\Debug\link.13120-cvtres.write.1.tlog
D:\VisualStudioProjects\Windows\GsmMFC\GsmMFC\Debug\link.8452.read.1.tlog
D:\VisualStudioProjects\Windows\GsmMFC\GsmMFC\Debug\link.8452.read.3.tlog
D:\VisualStudioProjects\Windows\GsmMFC\GsmMFC\Debug\link.8452.write.1.tlog
D:\VisualStudioProjects\Windows\GsmMFC\GsmMFC\Debug\link.8452-cvtres.read.1.tlog
D:\VisualStudioProjects\Windows\GsmMFC\GsmMFC\Debug\link.8452-cvtres.write.1.tlog
D:\VisualStudioProjects\Windows\GsmMFC\GsmMFC\Debug\link.8692.read.1.tlog
D:\VisualStudioProjects\Windows\GsmMFC\GsmMFC\Debug\link.8692.read.3.tlog
D:\VisualStudioProjects\Windows\GsmMFC\GsmMFC\Debug\link.8692.write.1.tlog
D:\VisualStudioProjects\Windows\GsmMFC\GsmMFC\Debug\link.8692-cvtres.read.1.tlog
D:\VisualStudioProjects\Windows\GsmMFC\GsmMFC\Debug\link.8692-cvtres.write.1.tlog
D:\VisualStudioProjects\Windows\GsmMFC\GsmMFC\Debug\link.9832.read.1.tlog
D:\VisualStudioProjects\Windows\GsmMFC\GsmMFC\Debug\link.9832.read.3.tlog
D:\VisualStudioProjects\Windows\GsmMFC\GsmMFC\Debug\link.9832.write.1.tlog
D:\VisualStudioProjects\Windows\GsmMFC\GsmMFC\Debug\link.9832-cvtres.read.1.tlog
D:\VisualStudioProjects\Windows\GsmMFC\GsmMFC\Debug\link.9832-cvtres.write.1.tlog
D:\VisualStudioProjects\Windows\GsmMFC\GsmMFC\Debug\link.command.1.tlog
D:\VisualStudioProjects\Windows\GsmMFC\GsmMFC\Debug\link.read.1.tlog
D:\VisualStudioProjects\Windows\GsmMFC\GsmMFC\Debug\link.read.3.tlog
D:\VisualStudioProjects\Windows\GsmMFC\GsmMFC\Debug\link.write.1.tlog
D:\VisualStudioProjects\Windows\GsmMFC\GsmMFC\Debug\link-cvtres.read.1.tlog
D:\VisualStudioProjects\Windows\GsmMFC\GsmMFC\Debug\link-cvtres.write.1.tlog
D:\VisualStudioProjects\Windows\GsmMFC\GsmMFC\Debug\mt.command.1.tlog
D:\VisualStudioProjects\Windows\GsmMFC\GsmMFC\Debug\mt.read.1.tlog
D:\VisualStudioProjects\Windows\GsmMFC\GsmMFC\Debug\mt.write.1.tlog
D:\VisualStudioProjects\Windows\GsmMFC\GsmMFC\Debug\rc.command.1.tlog
D:\VisualStudioProjects\Windows\GsmMFC\GsmMFC\Debug\rc.read.1.tlog
D:\VisualStudioProjects\Windows\GsmMFC\GsmMFC\Debug\rc.write.1.tlog
D:\VISUALSTUDIOPROJECTS\WINDOWS\GSMMFC\GSMMFC\DEBUG\STDAFX.OBJ
D:\VisualStudioProjects\Windows\GsmMFC\GsmMFC\Debug\vc100.idb
D:\VISUALSTUDIOPROJECTS\WINDOWS\GSMMFC\GSMMFC\DEBUG\VC100.PDB
D:\VisualStudioProjects\Windows\GsmMFC\GsmMFC\Debug\vc90.idb
D:\VisualStudioProjects\Windows\GsmMFC\GsmMFC\Debug\vc90.pdb
